[[1mcapturator          [0m][[1;37mINFO[0m   ]  You have set /usr/local/google/home/hugoselbie/code_sample/py/ini/Looker_23_3.ini for your ini_file variable ([1mcommands.py[0m:45)
[[1mcapturator          [0m][[1;37mINFO[0m   ]  You have set /usr/local/google/home/hugoselbie/code_sample/py/lmanage/output/l23_3_output.yaml for your yaml_export_path variable ([1mcommands.py[0m:45)
[[1mcapturator          [0m][[1;37mINFO[0m   ]  You have set INFO for your level variable ([1mcommands.py[0m:45)
[[1mlmanage.capture_instance_permission_structure[0m][[1;37mINFO[0m   ]  creating yaml configuration file ([1mcapture_instance_permission_structure.py[0m:19)
[[1mlooker_sdk.rtl.requests_transport[0m][[1;37mINFO[0m   ]  POST(https://gcpm234.cloud.looker.com/api/4.0/login) ([1mrequests_transport.py[0m:72)
[[1mlooker_sdk.rtl.requests_transport[0m][[1;37mINFO[0m   ]  GET(https://gcpm234.cloud.looker.com/api/4.0/user) ([1mrequests_transport.py[0m:72)
[[1mlmanage.capture_instance_permission_structure[0m][[1;37mINFO[0m   ]  User is successfully authenticated to the API ([1mcapture_instance_permission_structure.py[0m:26)
[[1mlooker_sdk.rtl.requests_transport[0m][[1;37mINFO[0m   ]  GET(https://gcpm234.cloud.looker.com/api/4.0/folders) ([1mrequests_transport.py[0m:72)
[[1mlooker_sdk.rtl.requests_transport[0m][[1;37mINFO[0m   ]  GET(https://gcpm234.cloud.looker.com/api/4.0/folders/85) ([1mrequests_transport.py[0m:72)
[[1mlooker_sdk.rtl.requests_transport[0m][[1;37mINFO[0m   ]  GET(https://gcpm234.cloud.looker.com/api/4.0/content_metadata_access) ([1mrequests_transport.py[0m:72)
[[1mlmanage.capturator.folder_capturation.folder_config[0m][[1;34mDEBUG[0m  ]  capturing folder monkey_sub_sub ([1mfolder_config.py[0m:100)
[[1mlooker_sdk.rtl.requests_transport[0m][[1;37mINFO[0m   ]  GET(https://gcpm234.cloud.looker.com/api/4.0/folders/84) ([1mrequests_transport.py[0m:72)
[[1mlooker_sdk.rtl.requests_transport[0m][[1;37mINFO[0m   ]  GET(https://gcpm234.cloud.looker.com/api/4.0/content_metadata_access) ([1mrequests_transport.py[0m:72)
[[1mlmanage.capturator.folder_capturation.folder_config[0m][[1;34mDEBUG[0m  ]  capturing folder monkey_sub ([1mfolder_config.py[0m:100)
[[1mlooker_sdk.rtl.requests_transport[0m][[1;37mINFO[0m   ]  GET(https://gcpm234.cloud.looker.com/api/4.0/folders/83) ([1mrequests_transport.py[0m:72)
[[1mlooker_sdk.rtl.requests_transport[0m][[1;37mINFO[0m   ]  GET(https://gcpm234.cloud.looker.com/api/4.0/content_metadata_access) ([1mrequests_transport.py[0m:72)
[[1mlooker_sdk.rtl.requests_transport[0m][[1;37mINFO[0m   ]  GET(https://gcpm234.cloud.looker.com/api/4.0/groups/5) ([1mrequests_transport.py[0m:72)
[[1mlooker_sdk.rtl.requests_transport[0m][[1;37mINFO[0m   ]  GET(https://gcpm234.cloud.looker.com/api/4.0/groups/6) ([1mrequests_transport.py[0m:72)
[[1mlooker_sdk.rtl.requests_transport[0m][[1;37mINFO[0m   ]  GET(https://gcpm234.cloud.looker.com/api/4.0/groups/7) ([1mrequests_transport.py[0m:72)
[[1mlmanage.capturator.folder_capturation.folder_config[0m][[1;34mDEBUG[0m  ]  capturing folder natam ([1mfolder_config.py[0m:100)
[[1mlooker_sdk.rtl.requests_transport[0m][[1;37mINFO[0m   ]  GET(https://gcpm234.cloud.looker.com/api/4.0/folders/82) ([1mrequests_transport.py[0m:72)
[[1mlooker_sdk.rtl.requests_transport[0m][[1;37mINFO[0m   ]  GET(https://gcpm234.cloud.looker.com/api/4.0/content_metadata_access) ([1mrequests_transport.py[0m:72)
[[1mlmanage.capturator.folder_capturation.folder_config[0m][[1;34mDEBUG[0m  ]  capturing folder blok ([1mfolder_config.py[0m:100)
[[1mlooker_sdk.rtl.requests_transport[0m][[1;37mINFO[0m   ]  GET(https://gcpm234.cloud.looker.com/api/4.0/folders/81) ([1mrequests_transport.py[0m:72)
[[1mlooker_sdk.rtl.requests_transport[0m][[1;37mINFO[0m   ]  GET(https://gcpm234.cloud.looker.com/api/4.0/content_metadata_access) ([1mrequests_transport.py[0m:72)
[[1mlooker_sdk.rtl.requests_transport[0m][[1;37mINFO[0m   ]  GET(https://gcpm234.cloud.looker.com/api/4.0/groups/5) ([1mrequests_transport.py[0m:72)
[[1mlooker_sdk.rtl.requests_transport[0m][[1;37mINFO[0m   ]  GET(https://gcpm234.cloud.looker.com/api/4.0/groups/6) ([1mrequests_transport.py[0m:72)
[[1mlooker_sdk.rtl.requests_transport[0m][[1;37mINFO[0m   ]  GET(https://gcpm234.cloud.looker.com/api/4.0/groups/7) ([1mrequests_transport.py[0m:72)
[[1mlmanage.capturator.folder_capturation.folder_config[0m][[1;34mDEBUG[0m  ]  capturing folder emea ([1mfolder_config.py[0m:100)
[[1mlooker_sdk.rtl.requests_transport[0m][[1;37mINFO[0m   ]  GET(https://gcpm234.cloud.looker.com/api/4.0/content_metadata_access) ([1mrequests_transport.py[0m:72)
[[1mlooker_sdk.rtl.requests_transport[0m][[1;37mINFO[0m   ]  GET(https://gcpm234.cloud.looker.com/api/4.0/groups/1) ([1mrequests_transport.py[0m:72)
[[1mlooker_sdk.rtl.requests_transport[0m][[1;37mINFO[0m   ]  GET(https://gcpm234.cloud.looker.com/api/4.0/folders/1) ([1mrequests_transport.py[0m:72)
[[1mlooker_sdk.rtl.requests_transport[0m][[1;37mINFO[0m   ]  GET(https://gcpm234.cloud.looker.com/api/4.0/roles) ([1mrequests_transport.py[0m:72)
[[1mlmanage.capturator.user_group_capturation.role_config[0m][[1;34mDEBUG[0m  ]  {'name': 'schedules_only', 'permissions': ['access_data', 'create_custom_fields', 'create_table_calculations', 'download_with_limit', 'download_without_limit', 'explore', 'save_content', 'schedule_look_emails', 'see_lookml_dashboards', 'see_looks', 'see_user_dashboards']} ([1mrole_config.py[0m:41)
[[1mlmanage.capturator.user_group_capturation.role_config[0m][[1;34mDEBUG[0m  ]  {'name': 'Viewer', 'permissions': ['access_data', 'clear_cache_refresh', 'download_without_limit', 'mobile_app_access', 'schedule_look_emails', 'see_drill_overlay', 'see_lookml_dashboards', 'see_looks', 'see_user_dashboards', 'send_to_integration']} ([1mrole_config.py[0m:41)
[[1mlmanage.capturator.user_group_capturation.role_config[0m][[1;34mDEBUG[0m  ]  {'name': 'Developer', 'permissions': ['access_data', 'can_create_forecast', 'clear_cache_refresh', 'create_custom_fields', 'create_table_calculations', 'deploy', 'develop', 'download_without_limit', 'explore', 'manage_spaces', 'mobile_app_access', 'save_content', 'schedule_look_emails', 'see_drill_overlay', 'see_lookml', 'see_lookml_dashboards', 'see_looks', 'see_pdts', 'see_sql', 'see_user_dashboards', 'send_to_integration', 'use_sql_runner']} ([1mrole_config.py[0m:41)
[[1mlmanage.capturator.user_group_capturation.role_config[0m][[1;34mDEBUG[0m  ]  {'name': 'just_alerts', 'permissions': ['access_data', 'can_create_forecast', 'create_alerts', 'create_custom_fields', 'create_table_calculations', 'explore', 'save_content', 'see_lookml_dashboards', 'see_looks', 'see_user_dashboards']} ([1mrole_config.py[0m:41)
[[1mlmanage.capturator.user_group_capturation.role_config[0m][[1;34mDEBUG[0m  ]  {'name': 'User', 'permissions': ['access_data', 'can_create_forecast', 'clear_cache_refresh', 'create_custom_fields', 'create_table_calculations', 'download_without_limit', 'explore', 'manage_spaces', 'mobile_app_access', 'save_content', 'schedule_look_emails', 'see_drill_overlay', 'see_lookml', 'see_lookml_dashboards', 'see_looks', 'see_sql', 'see_user_dashboards', 'send_to_integration']} ([1mrole_config.py[0m:41)
[[1mlmanage.capturator.user_group_capturation.role_config[0m][[1;34mDEBUG[0m  ]  {'name': 'access_data_only', 'permissions': ['access_data', 'see_lookml', 'see_looks']} ([1mrole_config.py[0m:41)
[[1mlooker_sdk.rtl.requests_transport[0m][[1;37mINFO[0m   ]  GET(https://gcpm234.cloud.looker.com/api/4.0/roles/3/groups) ([1mrequests_transport.py[0m:72)
[[1mlooker_sdk.rtl.requests_transport[0m][[1;37mINFO[0m   ]  GET(https://gcpm234.cloud.looker.com/api/4.0/roles/4/groups) ([1mrequests_transport.py[0m:72)
[[1mlooker_sdk.rtl.requests_transport[0m][[1;37mINFO[0m   ]  GET(https://gcpm234.cloud.looker.com/api/4.0/roles/5/groups) ([1mrequests_transport.py[0m:72)
[[1mlooker_sdk.rtl.requests_transport[0m][[1;37mINFO[0m   ]  GET(https://gcpm234.cloud.looker.com/api/4.0/roles/11/groups) ([1mrequests_transport.py[0m:72)
[[1mlooker_sdk.rtl.requests_transport[0m][[1;37mINFO[0m   ]  GET(https://gcpm234.cloud.looker.com/api/4.0/roles/18/groups) ([1mrequests_transport.py[0m:72)
[[1mlooker_sdk.rtl.requests_transport[0m][[1;37mINFO[0m   ]  GET(https://gcpm234.cloud.looker.com/api/4.0/roles/19/groups) ([1mrequests_transport.py[0m:72)
[[1mlooker_sdk.rtl.requests_transport[0m][[1;37mINFO[0m   ]  GET(https://gcpm234.cloud.looker.com/api/4.0/roles/20/groups) ([1mrequests_transport.py[0m:72)
[[1mlooker_sdk.rtl.requests_transport[0m][[1;37mINFO[0m   ]  GET(https://gcpm234.cloud.looker.com/api/4.0/roles/21/groups) ([1mrequests_transport.py[0m:72)
[[1mlooker_sdk.rtl.requests_transport[0m][[1;37mINFO[0m   ]  GET(https://gcpm234.cloud.looker.com/api/4.0/roles/22/groups) ([1mrequests_transport.py[0m:72)
[[1mlooker_sdk.rtl.requests_transport[0m][[1;37mINFO[0m   ]  GET(https://gcpm234.cloud.looker.com/api/4.0/user_attributes) ([1mrequests_transport.py[0m:72)
[[1mlooker_sdk.rtl.requests_transport[0m][[1;37mINFO[0m   ]  GET(https://gcpm234.cloud.looker.com/api/4.0/groups) ([1mrequests_transport.py[0m:72)
[[1mlooker_sdk.rtl.requests_transport[0m][[1;37mINFO[0m   ]  GET(https://gcpm234.cloud.looker.com/api/4.0/user_attributes/16/group_values) ([1mrequests_transport.py[0m:72)
[[1mlooker_sdk.rtl.requests_transport[0m][[1;37mINFO[0m   ]  GET(https://gcpm234.cloud.looker.com/api/4.0/user_attributes/15/group_values) ([1mrequests_transport.py[0m:72)
[[1mlooker_sdk.rtl.requests_transport[0m][[1;37mINFO[0m   ]  GET(https://gcpm234.cloud.looker.com/api/4.0/user_attributes/13/group_values) ([1mrequests_transport.py[0m:72)
[[1mlooker_sdk.rtl.requests_transport[0m][[1;37mINFO[0m   ]  GET(https://gcpm234.cloud.looker.com/api/4.0/user_attributes/11/group_values) ([1mrequests_transport.py[0m:72)
[[1mlooker_sdk.rtl.requests_transport[0m][[1;37mINFO[0m   ]  GET(https://gcpm234.cloud.looker.com/api/4.0/user_attributes/12/group_values) ([1mrequests_transport.py[0m:72)
[[1mlooker_sdk.rtl.requests_transport[0m][[1;37mINFO[0m   ]  GET(https://gcpm234.cloud.looker.com/api/4.0/user_attributes/14/group_values) ([1mrequests_transport.py[0m:72)
[[1mlooker_sdk.rtl.requests_transport[0m][[1;37mINFO[0m   ]  GET(https://gcpm234.cloud.looker.com/api/4.0/looks) ([1mrequests_transport.py[0m:72)
[[1mlooker_sdk.rtl.requests_transport[0m][[1;37mINFO[0m   ]  GET(https://gcpm234.cloud.looker.com/api/4.0/looks/6) ([1mrequests_transport.py[0m:72)
[[1mlooker_sdk.rtl.requests_transport[0m][[1;37mINFO[0m   ]  GET(https://gcpm234.cloud.looker.com/api/4.0/scheduled_plans/look/6) ([1mrequests_transport.py[0m:72)
[[1mlook_capture        [0m][[1;34mDEBUG[0m  ]  {'model': 'system__activity', 'view': 'event', 'fields': ['event.created_date', 'event.count'], 'pivots': None, 'fill_fields': ['event.created_date'], 'filters': None, 'filter_expression': None, 'sorts': ['event.created_date desc'], 'limit': '500', 'column_limit': '50', 'total': True, 'row_total': None, 'subtotals': None, 'vis_config': {'show_view_names': False, 'show_row_numbers': True, 'transpose': False, 'truncate_text': True, 'hide_totals': False, 'hide_row_totals': False, 'size_to_fit': True, 'table_theme': 'white', 'limit_displayed_rows': False, 'enable_conditional_formatting': False, 'header_text_alignment': 'left', 'header_font_size': 12, 'rows_font_size': 12, 'conditional_formatting_include_totals': False, 'conditional_formatting_include_nulls': False, 'hidden_pivots': {}, 'type': 'looker_grid', 'defaults_version': 1}, 'filter_config': {}, 'visible_ui_sections': None, 'dynamic_fields': '[{"category":"table_calculation","expression":"  sum(${event.count})\\n","label":"event count","value_format":null,"value_format_name":null,"_kind_hint":"measure","table_calculation":"event_count","_type_hint":"number"}]', 'query_timezone': None} ([1mlook_capture.py[0m:86)
[[1mlooker_sdk.rtl.requests_transport[0m][[1;37mINFO[0m   ]  GET(https://gcpm234.cloud.looker.com/api/4.0/looks/7) ([1mrequests_transport.py[0m:72)
[[1mlooker_sdk.rtl.requests_transport[0m][[1;37mINFO[0m   ]  GET(https://gcpm234.cloud.looker.com/api/4.0/scheduled_plans/look/7) ([1mrequests_transport.py[0m:72)
[[1mlook_capture        [0m][[1;34mDEBUG[0m  ]  {'model': 'system__activity', 'view': 'look', 'fields': ['look.id', 'look.moved_to_trash', 'look.link', 'history.id', 'look.title', 'look.count'], 'pivots': None, 'fill_fields': None, 'filters': None, 'filter_expression': None, 'sorts': ['look.count desc 0'], 'limit': '500', 'column_limit': None, 'total': None, 'row_total': None, 'subtotals': None, 'vis_config': {'show_view_names': False, 'show_row_numbers': True, 'transpose': False, 'truncate_text': True, 'hide_totals': False, 'hide_row_totals': False, 'size_to_fit': True, 'table_theme': 'white', 'limit_displayed_rows': False, 'enable_conditional_formatting': False, 'header_text_alignment': 'left', 'header_font_size': 12, 'rows_font_size': 12, 'conditional_formatting_include_totals': False, 'conditional_formatting_include_nulls': False, 'type': 'looker_grid', 'defaults_version': 1}, 'filter_config': {}, 'visible_ui_sections': None, 'dynamic_fields': None, 'query_timezone': None} ([1mlook_capture.py[0m:86)
[[1mlooker_sdk.rtl.requests_transport[0m][[1;37mINFO[0m   ]  GET(https://gcpm234.cloud.looker.com/api/4.0/looks/8) ([1mrequests_transport.py[0m:72)
[[1mlooker_sdk.rtl.requests_transport[0m][[1;37mINFO[0m   ]  GET(https://gcpm234.cloud.looker.com/api/4.0/scheduled_plans/look/8) ([1mrequests_transport.py[0m:72)
[[1mlook_capture        [0m][[1;34mDEBUG[0m  ]  {'model': 'system__activity', 'view': 'look', 'fields': ['look.id', 'look.moved_to_trash', 'look.link', 'history.id', 'look.title', 'look.count'], 'pivots': None, 'fill_fields': None, 'filters': None, 'filter_expression': None, 'sorts': ['look.count desc 0'], 'limit': '500', 'column_limit': None, 'total': None, 'row_total': None, 'subtotals': None, 'vis_config': {'show_view_names': False, 'show_row_numbers': True, 'transpose': False, 'truncate_text': True, 'hide_totals': False, 'hide_row_totals': False, 'size_to_fit': True, 'table_theme': 'white', 'limit_displayed_rows': False, 'enable_conditional_formatting': False, 'header_text_alignment': 'left', 'header_font_size': 12, 'rows_font_size': 12, 'conditional_formatting_include_totals': False, 'conditional_formatting_include_nulls': False, 'type': 'looker_grid', 'defaults_version': 1}, 'filter_config': {}, 'visible_ui_sections': None, 'dynamic_fields': None, 'query_timezone': None} ([1mlook_capture.py[0m:86)
[[1mlooker_sdk.rtl.requests_transport[0m][[1;37mINFO[0m   ]  GET(https://gcpm234.cloud.looker.com/api/4.0/dashboards) ([1mrequests_transport.py[0m:72)
[[1mlooker_sdk.rtl.requests_transport[0m][[1;37mINFO[0m   ]  GET(https://gcpm234.cloud.looker.com/api/4.0/scheduled_plans/dashboard/7) ([1mrequests_transport.py[0m:72)
[[1mlooker_sdk.rtl.requests_transport[0m][[1;37mINFO[0m   ]  GET(https://gcpm234.cloud.looker.com/api/4.0/dashboards/lookml/7) ([1mrequests_transport.py[0m:72)
[[1mlmanage.capturator.content_capturation.dashboard_capture[0m][[1;34mDEBUG[0m  ]  - dashboard: new_dashboard
  title: New Dashboard
  layout: newspaper
  preferred_viewer: dashboards-next
  description: ''
  preferred_slug: SkRfx99hbJYDPBuNXZRsdi
  elements:
  - title: Untitled
    name: Untitled
    model: system__activity
    explore: field_usage
    type: table
    fields: [field_usage.field]
    limit: 500
    row:
    col:
    width:
    height:
 ([1mdashboard_capture.py[0m:46)
[[1mlooker_sdk.rtl.requests_transport[0m][[1;37mINFO[0m   ]  GET(https://gcpm234.cloud.looker.com/api/4.0/scheduled_plans/dashboard/8) ([1mrequests_transport.py[0m:72)
[[1mlooker_sdk.rtl.requests_transport[0m][[1;37mINFO[0m   ]  GET(https://gcpm234.cloud.looker.com/api/4.0/dashboards/lookml/8) ([1mrequests_transport.py[0m:72)
[[1mlmanage.capturator.content_capturation.dashboard_capture[0m][[1;34mDEBUG[0m  ]  - dashboard: audit_pulse_imported
  title: Audit Pulse (imported)
  layout: newspaper
  preferred_viewer: dashboards-next
  description: ''
  preferred_slug: IrnU1kwjJTZvtzZND0hw1J
  elements:
  - title: Services
    name: Services
    model: cloud_logging
    explore: all_logs
    type: single_value
    fields: [all_logs.service_count]
    limit: 500
    column_limit: 50
    custom_color_enabled: true
    show_single_value_title: true
    show_comparison: false
    comparison_type: value
    comparison_reverse_colors: false
    show_comparison_label: true
    enable_conditional_formatting: false
    conditional_formatting_include_totals: false
    conditional_formatting_include_nulls: false
    defaults_version: 1
    listen:
      Date Filter: all_logs.timestamp_date
      Service(s): all_logs.proto_payload__audit_log__service_name
    row: 0
    col: 0
    width: 6
    height: 3
  - title: IPs
    name: IPs
    model: cloud_logging
    explore: all_logs
    type: single_value
    fields: [all_logs.ip_count]
    limit: 500
    column_limit: 50
    custom_color_enabled: true
    show_single_value_title: true
    show_comparison: false
    comparison_type: value
    comparison_reverse_colors: false
    show_comparison_label: true
    enable_conditional_formatting: false
    conditional_formatting_include_totals: false
    conditional_formatting_include_nulls: false
    defaults_version: 1
    hidden_pivots: {}
    listen:
      Date Filter: all_logs.timestamp_date
      Service(s): all_logs.proto_payload__audit_log__service_name
    row: 0
    col: 6
    width: 6
    height: 3
  - title: Principals
    name: Principals
    model: cloud_logging
    explore: all_logs
    type: single_value
    fields: [all_logs.principal_count]
    limit: 500
    column_limit: 50
    custom_color_enabled: true
    show_single_value_title: true
    show_comparison: false
    comparison_type: value
    comparison_reverse_colors: false
    show_comparison_label: true
    enable_conditional_formatting: false
    conditional_formatting_include_totals: false
    conditional_formatting_include_nulls: false
    defaults_version: 1
    hidden_pivots: {}
    listen:
      Date Filter: all_logs.timestamp_date
      Service(s): all_logs.proto_payload__audit_log__service_name
    row: 0
    col: 12
    width: 6
    height: 3
  - title: Methods
    name: Methods
    model: cloud_logging
    explore: all_logs
    type: single_value
    fields: [all_logs.method_count]
    limit: 500
    column_limit: 50
    custom_color_enabled: true
    show_single_value_title: true
    show_comparison: false
    comparison_type: value
    comparison_reverse_colors: false
    show_comparison_label: true
    enable_conditional_formatting: false
    conditional_formatting_include_totals: false
    conditional_formatting_include_nulls: false
    defaults_version: 1
    hidden_pivots: {}
    listen:
      Date Filter: all_logs.timestamp_date
      Service(s): all_logs.proto_payload__audit_log__service_name
    row: 0
    col: 18
    width: 6
    height: 3
  - title: Methods Trend
    name: Methods Trend
    model: cloud_logging
    explore: all_logs
    type: looker_line
    fields: [all_logs.method_count, all_logs.date]
    sorts: [all_logs.date]
    limit: 500
    column_limit: 50
    x_axis_gridlines: false
    y_axis_gridlines: false
    show_view_names: false
    show_y_axis_labels: true
    show_y_axis_ticks: true
    y_axis_tick_density: default
    y_axis_tick_density_custom: 5
    show_x_axis_label: false
    show_x_axis_ticks: false
    y_axis_scale_mode: linear
    x_axis_reversed: false
    y_axis_reversed: false
    plot_size_by_field: false
    trellis: ''
    stacking: ''
    limit_displayed_rows: false
    legend_position: center
    point_style: none
    show_value_labels: false
    label_density: 25
    x_axis_scale: auto
    y_axis_combined: true
    show_null_points: false
    interpolation: linear
    y_axes: [{label: '', orientation: left, series: [{axisId: all_logs.total_methods_used,
            id: all_logs.total_methods_used, name: Total Methods Used}], showLabels: false,
        showValues: false, unpinAxis: true, tickDensity: default, tickDensityCustom: 5,
        type: linear}]
    x_axis_zoom: true
    y_axis_zoom: true
    series_types: {}
    custom_color_enabled: true
    show_single_value_title: true
    show_comparison: false
    comparison_type: value
    comparison_reverse_colors: false
    show_comparison_label: true
    enable_conditional_formatting: false
    conditional_formatting_include_totals: false
    conditional_formatting_include_nulls: false
    defaults_version: 1
    hidden_pivots: {}
    title_hidden: true
    listen:
      Date Filter: all_logs.timestamp_date
      Date Granularity: all_logs.date_granularity
      Service(s): all_logs.proto_payload__audit_log__service_name
    row: 3
    col: 18
    width: 6
    height: 3
  - title: Services Trend
    name: Services Trend
    model: cloud_logging
    explore: all_logs
    type: looker_line
    fields: [all_logs.service_count, all_logs.date]
    sorts: [all_logs.date]
    limit: 500
    column_limit: 50
    x_axis_gridlines: false
    y_axis_gridlines: false
    show_view_names: false
    show_y_axis_labels: true
    show_y_axis_ticks: true
    y_axis_tick_density: default
    y_axis_tick_density_custom: 5
    show_x_axis_label: false
    show_x_axis_ticks: false
    y_axis_scale_mode: linear
    x_axis_reversed: false
    y_axis_reversed: false
    plot_size_by_field: false
    trellis: ''
    stacking: ''
    limit_displayed_rows: false
    legend_position: center
    point_style: none
    show_value_labels: false
    label_density: 25
    x_axis_scale: auto
    y_axis_combined: true
    show_null_points: false
    interpolation: linear
    y_axes: [{label: '', orientation: left, series: [{axisId: all_logs.total_methods_used,
            id: all_logs.total_methods_used, name: Total Methods Used}], showLabels: false,
        showValues: false, unpinAxis: true, tickDensity: default, tickDensityCustom: 5,
        type: linear}]
    x_axis_zoom: true
    y_axis_zoom: true
    series_types: {}
    custom_color_enabled: true
    show_single_value_title: true
    show_comparison: false
    comparison_type: value
    comparison_reverse_colors: false
    show_comparison_label: true
    enable_conditional_formatting: false
    conditional_formatting_include_totals: false
    conditional_formatting_include_nulls: false
    defaults_version: 1
    hidden_pivots: {}
    title_hidden: true
    listen:
      Date Filter: all_logs.timestamp_date
      Date Granularity: all_logs.date_granularity
      Service(s): all_logs.proto_payload__audit_log__service_name
    row: 3
    col: 0
    width: 6
    height: 3
  - title: IP Trend
    name: IP Trend
    model: cloud_logging
    explore: all_logs
    type: looker_line
    fields: [all_logs.ip_count, all_logs.date]
    sorts: [all_logs.date]
    limit: 500
    column_limit: 50
    x_axis_gridlines: false
    y_axis_gridlines: false
    show_view_names: false
    show_y_axis_labels: true
    show_y_axis_ticks: true
    y_axis_tick_density: default
    y_axis_tick_density_custom: 5
    show_x_axis_label: false
    show_x_axis_ticks: false
    y_axis_scale_mode: linear
    x_axis_reversed: false
    y_axis_reversed: false
    plot_size_by_field: false
    trellis: ''
    stacking: ''
    limit_displayed_rows: false
    legend_position: center
    point_style: none
    show_value_labels: false
    label_density: 25
    x_axis_scale: auto
    y_axis_combined: true
    show_null_points: false
    interpolation: linear
    y_axes: [{label: '', orientation: left, series: [{axisId: all_logs.total_methods_used,
            id: all_logs.total_methods_used, name: Total Methods Used}], showLabels: false,
        showValues: false, unpinAxis: true, tickDensity: default, tickDensityCustom: 5,
        type: linear}]
    x_axis_zoom: true
    y_axis_zoom: true
    series_types: {}
    custom_color_enabled: true
    show_single_value_title: true
    show_comparison: false
    comparison_type: value
    comparison_reverse_colors: false
    show_comparison_label: true
    enable_conditional_formatting: false
    conditional_formatting_include_totals: false
    conditional_formatting_include_nulls: false
    defaults_version: 1
    hidden_pivots: {}
    title_hidden: true
    listen:
      Date Filter: all_logs.timestamp_date
      Date Granularity: all_logs.date_granularity
      Service(s): all_logs.proto_payload__audit_log__service_name
    row: 3
    col: 6
    width: 6
    height: 3
  - title: Principals Trend
    name: Principals Trend
    model: cloud_logging
    explore: all_logs
    type: looker_line
    fields: [all_logs.principal_count, all_logs.date]
    sorts: [all_logs.date]
    limit: 500
    column_limit: 50
    x_axis_gridlines: false
    y_axis_gridlines: false
    show_view_names: false
    show_y_axis_labels: true
    show_y_axis_ticks: true
    y_axis_tick_density: default
    y_axis_tick_density_custom: 5
    show_x_axis_label: false
    show_x_axis_ticks: false
    y_axis_scale_mode: linear
    x_axis_reversed: false
    y_axis_reversed: false
    plot_size_by_field: false
    trellis: ''
    stacking: ''
    limit_displayed_rows: false
    legend_position: center
    point_style: none
    show_value_labels: false
    label_density: 25
    x_axis_scale: auto
    y_axis_combined: true
    show_null_points: false
    interpolation: linear
    y_axes: [{label: '', orientation: left, series: [{axisId: all_logs.total_methods_used,
            id: all_logs.total_methods_used, name: Total Methods Used}], showLabels: false,
        showValues: false, unpinAxis: true, tickDensity: default, tickDensityCustom: 5,
        type: linear}]
    x_axis_zoom: true
    y_axis_zoom: true
    series_types: {}
    custom_color_enabled: true
    show_single_value_title: true
    show_comparison: false
    comparison_type: value
    comparison_reverse_colors: false
    show_comparison_label: true
    enable_conditional_formatting: false
    conditional_formatting_include_totals: false
    conditional_formatting_include_nulls: false
    defaults_version: 1
    hidden_pivots: {}
    title_hidden: true
    listen:
      Date Filter: all_logs.timestamp_date
      Date Granularity: all_logs.date_granularity
      Service(s): all_logs.proto_payload__audit_log__service_name
    row: 3
    col: 12
    width: 6
    height: 3
  - title: Top IP Activity
    name: Top IP Activity
    model: cloud_logging
    explore: all_logs
    type: looker_bar
    fields: [all_logs.proto_payload__audit_log__request_metadata__caller_ip, all_logs.service_count,
      all_logs.method_count, all_logs.count]
    filters:
      all_logs.proto_payload__audit_log__request_metadata__caller_ip: "-NULL,-private"
      all_logs.is_system_or_service_account: 'No'
    sorts: [all_logs.count desc]
    limit: 20
    column_limit: 50
    x_axis_gridlines: false
    y_axis_gridlines: false
    show_view_names: false
    show_y_axis_labels: true
    show_y_axis_ticks: true
    y_axis_tick_density: default
    y_axis_tick_density_custom: 5
    show_x_axis_label: false
    show_x_axis_ticks: true
    y_axis_scale_mode: linear
    x_axis_reversed: false
    y_axis_reversed: false
    plot_size_by_field: false
    trellis: ''
    stacking: ''
    limit_displayed_rows: false
    legend_position: center
    point_style: circle
    show_value_labels: false
    label_density: 25
    x_axis_scale: auto
    y_axis_combined: true
    ordering: none
    show_null_labels: false
    show_totals_labels: false
    show_silhouette: false
    totals_color: "#808080"
    color_application:
      collection_id: 5b121cce-cf79-457c-a52a-9162dc174766
      palette_id: 55dee055-18cf-4472-9669-469322a6f264
      options:
        steps: 5
    y_axes: [{label: !!null '', orientation: top, series: [{axisId: all_logs.service_count,
            id: all_logs.service_count, name: Service Count}], showLabels: true, showValues: true,
        unpinAxis: false, tickDensity: default, tickDensityCustom: 5, type: linear},
      {label: '', orientation: bottom, series: [{axisId: all_logs.method_count, id: all_logs.method_count,
            name: Method Count}], showLabels: true, showValues: true, unpinAxis: false,
        tickDensity: default, tickDensityCustom: 5, type: linear}]
    size_by_field: all_logs.method_count
    x_axis_zoom: true
    y_axis_zoom: true
    series_types:
      all_logs.method_count: scatter
    series_colors:
      all_logs.method_count: "#93CF6C"
    series_labels: {}
    defaults_version: 1
    hidden_fields: [all_logs.count]
    hidden_points_if_no: []
    hidden_pivots: {}
    show_row_numbers: true
    transpose: false
    truncate_text: true
    hide_totals: false
    hide_row_totals: false
    size_to_fit: true
    table_theme: white
    enable_conditional_formatting: false
    header_text_alignment: left
    header_font_size: 12
    rows_font_size: 12
    conditional_formatting_include_totals: false
    conditional_formatting_include_nulls: false
    show_null_points: true
    note_state: collapsed
    note_display: hover
    note_text: Number of Services accessed by IP and Methods executed by IP
    listen:
      Date Filter: all_logs.timestamp_date
      Date Granularity: all_logs.date_granularity
      Service(s): all_logs.proto_payload__audit_log__service_name
    row: 6
    col: 0
    width: 12
    height: 13
  - title: Top Principals by Service
    name: Top Principals by Service
    model: cloud_logging
    explore: all_logs
    type: looker_donut_multiples
    fields: [all_logs.proto_payload__audit_log__authentication_info__principal_email,
      all_logs.proto_payload__audit_log__service_name, all_logs.count]
    pivots: [all_logs.proto_payload__audit_log__service_name]
    filters:
      all_logs.is_system_or_service_account: 'No'
      all_logs.proto_payload__audit_log__authentication_info__principal_email: "-NULL"
    sorts: [all_logs.proto_payload__audit_log__service_name, all_logs.count desc 0]
    limit: 9
    column_limit: 50
    show_value_labels: false
    font_size: 12
    charts_across: 3
    color_application:
      collection_id: 5b121cce-cf79-457c-a52a-9162dc174766
      palette_id: 55dee055-18cf-4472-9669-469322a6f264
      options:
        steps: 5
    series_colors:
      container - all_logs.count: "#93CF6C"
      cloudsql - all_logs.count: "#FFE663"
      cloudasset - all_logs.count: "#5DC370"
    x_axis_gridlines: false
    y_axis_gridlines: true
    show_view_names: false
    show_y_axis_labels: true
    show_y_axis_ticks: true
    y_axis_tick_density: default
    y_axis_tick_density_custom: 5
    show_x_axis_label: true
    show_x_axis_ticks: true
    y_axis_scale_mode: linear
    x_axis_reversed: false
    y_axis_reversed: false
    plot_size_by_field: false
    trellis: ''
    stacking: ''
    limit_displayed_rows: false
    legend_position: center
    point_style: none
    label_density: 25
    x_axis_scale: auto
    y_axis_combined: true
    ordering: none
    show_null_labels: false
    show_totals_labels: false
    show_silhouette: false
    totals_color: "#808080"
    defaults_version: 1
    series_types: {}
    hidden_pivots: {}
    listen:
      Date Filter: all_logs.timestamp_date
      Date Granularity: all_logs.date_granularity
      Service(s): all_logs.proto_payload__audit_log__service_name
    row: 6
    col: 12
    width: 12
    height: 13
  filters:
  - name: Date Filter
    title: Date Filter
    type: field_filter
    default_value: 7 day
    allow_multiple_values: true
    required: false
    ui_config:
      type: relative_timeframes
      display: inline
      options: []
    model: cloud_logging
    explore: all_logs
    listens_to_filters: []
    field: all_logs.timestamp_date
  - name: Date Granularity
    title: Date Granularity
    type: field_filter
    default_value: hour
    allow_multiple_values: true
    required: false
    ui_config:
      type: button_toggles
      display: inline
    model: cloud_logging
    explore: all_logs
    listens_to_filters: []
    field: all_logs.date_granularity
  - name: Service(s)
    title: Service(s)
    type: field_filter
    default_value: ''
    allow_multiple_values: true
    required: false
    ui_config:
      type: advanced
      display: popover
      options: []
    model: cloud_logging
    explore: all_logs
    listens_to_filters: []
    field: all_logs.proto_payload__audit_log__service_name
 ([1mdashboard_capture.py[0m:46)
[[1mlooker_sdk.rtl.requests_transport[0m][[1;37mINFO[0m   ]  GET(https://gcpm234.cloud.looker.com/api/4.0/scheduled_plans/dashboard/19) ([1mrequests_transport.py[0m:72)
[[1mlooker_sdk.rtl.requests_transport[0m][[1;37mINFO[0m   ]  GET(https://gcpm234.cloud.looker.com/api/4.0/dashboards/lookml/19) ([1mrequests_transport.py[0m:72)
[[1mlmanage.capturator.content_capturation.dashboard_capture[0m][[1;34mDEBUG[0m  ]  - dashboard: business_pulse
  title: Business Pulse
  layout: newspaper
  preferred_viewer: dashboards-next
  description: ''
  query_timezone: user_timezone
  preferred_slug: E5NNnoJ99RT86oeuOto9AM
  elements:
  - title: Number of First Purchasers
    name: Number of First Purchasers
    model: thelook
    explore: order_items
    type: single_value
    fields: [users.count]
    filters:
      users.created_date: 7 days
    limit: 500
    column_limit: 50
    dynamic_fields: [{table_calculation: goal, label: Goal, expression: '10000', value_format: !!null '',
        value_format_name: decimal_0, _kind_hint: dimension, _type_hint: number}]
    query_timezone: America/Los_Angeles
    custom_color_enabled: false
    show_single_value_title: true
    show_comparison: true
    comparison_type: progress_percentage
    comparison_reverse_colors: false
    show_comparison_label: true
    enable_conditional_formatting: false
    conditional_formatting_include_totals: false
    conditional_formatting_include_nulls: false
    custom_color: forestgreen
    single_value_title: New Users Acquired
    font_size: medium
    colors: ["#5245ed", "#a2dcf3", "#776fdf", "#1ea8df", "#49cec1", "#776fdf", "#49cec1",
      "#1ea8df", "#a2dcf3", "#776fdf", "#776fdf", "#635189"]
    text_color: black
    hidden_fields: []
    y_axes: []
    defaults_version: 1
    listen:
      State: users.state
      City: users.city
      Traffic Source: users.traffic_source
      User Gender: users.gender
      Date: order_items.created_date
      Location: distribution_centers.location
      Country: users.country
      Name: distribution_centers.name
    row: 2
    col: 12
    width: 4
    height: 4
  - title: Average Order Sale Price
    name: Average Order Sale Price
    model: thelook
    explore: order_items
    type: single_value
    fields: [order_items.average_sale_price]
    sorts: [orders.average_profit desc, order_items.average_sale_price desc]
    limit: 500
    column_limit: 50
    dynamic_fields: [{table_calculation: date, label: date, expression: now(), value_format: !!null '',
        value_format_name: !!null '', _kind_hint: dimension, is_disabled: true}]
    query_timezone: America/Los_Angeles
    custom_color_enabled: false
    show_single_value_title: true
    show_comparison: false
    comparison_type: value
    comparison_reverse_colors: false
    show_comparison_label: true
    enable_conditional_formatting: false
    conditional_formatting_include_totals: false
    conditional_formatting_include_nulls: false
    custom_color: forestgreen
    show_view_names: true
    font_size: medium
    text_color: black
    colors: ["#5245ed", "#a2dcf3", "#776fdf", "#1ea8df", "#49cec1", "#776fdf", "#49cec1",
      "#1ea8df", "#a2dcf3", "#776fdf", "#776fdf", "#635189"]
    series_types: {}
    hidden_fields: []
    y_axes: []
    defaults_version: 1
    show_row_numbers: true
    transpose: false
    truncate_text: true
    hide_totals: false
    hide_row_totals: false
    size_to_fit: true
    table_theme: white
    limit_displayed_rows: false
    header_text_alignment: left
    header_font_size: 12
    rows_font_size: 12
    x_axis_gridlines: false
    y_axis_gridlines: true
    show_y_axis_labels: true
    show_y_axis_ticks: true
    y_axis_tick_density: default
    y_axis_tick_density_custom: 5
    show_x_axis_label: true
    show_x_axis_ticks: true
    y_axis_scale_mode: linear
    x_axis_reversed: false
    y_axis_reversed: false
    plot_size_by_field: false
    trellis: ''
    stacking: ''
    legend_position: center
    point_style: none
    show_value_labels: false
    label_density: 25
    x_axis_scale: auto
    y_axis_combined: true
    ordering: none
    show_null_labels: false
    show_totals_labels: false
    show_silhouette: false
    totals_color: "#808080"
    note_state: expanded
    note_display: below
    note_text: ''
    listen:
      State: users.state
      City: users.city
      Traffic Source: users.traffic_source
      User Gender: users.gender
      Date: order_items.created_date
      Location: distribution_centers.location
      Country: users.country
      Name: distribution_centers.name
    row: 2
    col: 4
    width: 4
    height: 4
  - title: Orders by Day and Category
    name: Orders by Day and Category
    model: thelook
    explore: order_items
    type: looker_area
    fields: [products.category, order_items.count, order_items.created_date]
    pivots: [products.category]
    fill_fields: [order_items.created_date]
    filters:
      products.category: Blazers & Jackets,Sweaters,Pants,Shorts,Fashion Hoodies &
        Sweatshirts,Accessories
    sorts: [products.category, order_items.created_date desc]
    limit: 500
    column_limit: 50
    x_axis_gridlines: false
    y_axis_gridlines: false
    show_view_names: true
    show_y_axis_labels: true
    show_y_axis_ticks: true
    y_axis_tick_density: default
    y_axis_tick_density_custom: 5
    show_x_axis_label: false
    show_x_axis_ticks: true
    y_axis_scale_mode: linear
    x_axis_reversed: false
    y_axis_reversed: false
    plot_size_by_field: false
    trellis: ''
    stacking: normal
    limit_displayed_rows: false
    legend_position: center
    point_style: none
    show_value_labels: false
    label_density: 25
    x_axis_scale: auto
    y_axis_combined: true
    show_null_points: true
    interpolation: monotone
    show_totals_labels: false
    show_silhouette: false
    totals_color: "#808080"
    color_application:
      collection_id: google
      palette_id: google-categorical-0
      options:
        steps: 5
    y_axes: [{label: Number of Orders, orientation: left, series: [{id: Accessories
              - order_items.count, name: Accessories, axisId: order_items.count},
          {id: Blazers & Jackets - order_items.count, name: Blazers &amp; Jackets,
            axisId: order_items.count}, {id: Fashion Hoodies & Sweatshirts - order_items.count,
            name: Fashion Hoodies &amp; Sweatshirts, axisId: order_items.count}, {
            id: Pants - order_items.count, name: Pants, axisId: order_items.count},
          {id: Shorts - order_items.count, name: Shorts, axisId: order_items.count},
          {id: Sweaters - order_items.count, name: Sweaters, axisId: order_items.count}],
        showLabels: true, showValues: true, unpinAxis: false, tickDensity: default,
        type: linear}]
    y_axis_labels: ["# Order Items"]
    hide_legend: false
    colors: ["#64518A", "#8D7FB9", "#EA8A2F", "#F2B431", "#2DA5DE", "#57BEBE", "#7F7977",
      "#B2A898", "#494C52"]
    series_colors: {}
    series_labels: {}
    x_axis_datetime_tick_count: 4
    x_axis_datetime: true
    hide_points: true
    hidden_fields: []
    defaults_version: 1
    note_state: collapsed
    note_display: hover
    note_text: ''
    listen:
      State: users.state
      City: users.city
      Traffic Source: users.traffic_source
      User Gender: users.gender
      Date: order_items.created_date
      Location: distribution_centers.location
      Country: users.country
      Name: distribution_centers.name
    row: 6
    col: 0
    width: 16
    height: 6
  - title: Website Visit Volume vs Conversion Rate
    name: Website Visit Volume vs Conversion Rate
    model: thelook
    explore: events
    type: looker_column
    fields: [events.event_day_of_week, events.sessions_count, events.unique_visitors,
      sessions.overall_conversion]
    fill_fields: [events.event_day_of_week]
    sorts: [events.event_day_of_week]
    limit: 500
    column_limit: 50
    query_timezone: America/Los_Angeles
    x_axis_gridlines: false
    y_axis_gridlines: false
    show_view_names: false
    show_y_axis_labels: true
    show_y_axis_ticks: true
    y_axis_tick_density: default
    y_axis_tick_density_custom: 5
    show_x_axis_label: false
    show_x_axis_ticks: true
    y_axis_scale_mode: linear
    x_axis_reversed: false
    y_axis_reversed: false
    plot_size_by_field: false
    trellis: ''
    stacking: ''
    limit_displayed_rows: false
    legend_position: center
    point_style: circle_outline
    show_value_labels: false
    label_density: 25
    x_axis_scale: auto
    y_axis_combined: false
    ordering: none
    show_null_labels: false
    show_totals_labels: false
    show_silhouette: false
    totals_color: "#808080"
    color_application:
      collection_id: google
      palette_id: google-categorical-0
      options:
        steps: 5
    y_axes: [{label: '', maxValue: !!null '', minValue: !!null '', orientation: left,
        showLabels: true, showValues: true, tickDensity: default, tickDensityCustom: 5,
        type: linear, unpinAxis: false, valueFormat: !!null '', series: [{id: events.unique_visitors,
            name: Unique Visitors}, {id: events.sessions_count, name: Sessions Count}]},
      {label: '', maxValue: !!null '', minValue: !!null '', orientation: right, showLabels: true,
        showValues: true, tickDensity: default, tickDensityCustom: 5, type: linear,
        unpinAxis: false, valueFormat: !!null '', series: [{id: sessions.overall_conversion,
            name: Conversion Rate}]}]
    limit_displayed_rows_values:
      show_hide: show
      first_last: first
      num_rows: '5'
    colors: ["#1EA8DF", "#8ED3EF", "#B1A8C4", "#635189"]
    series_types:
      events.count: line
      events.unique_visitors: line
      events.sessions_count: line
    series_colors: {}
    series_labels:
      sessions.overall_conversion: Conversion Rate
      events.sessions_count: Total Visitors
    label_color: ["#EA8A2F", "#e9b404"]
    y_axis_orientation: [left, right]
    show_null_points: true
    interpolation: linear
    hidden_fields: []
    defaults_version: 1
    note_state: collapsed
    note_display: below
    note_text: ''
    listen:
      State: users.state
      City: users.city
      Traffic Source: users.traffic_source
      User Gender: users.gender
      Date: events.event_date
      Country: users.country
    row: 33
    col: 0
    width: 10
    height: 7
  - title: Percent of Cohort Still Active by Traffic Source
    name: Percent of Cohort Still Active by Traffic Source
    model: thelook
    explore: order_items
    type: looker_line
    fields: [order_items.months_since_signup, users.count, users.traffic_source]
    pivots: [users.traffic_source]
    sorts: [order_items.months_since_signup, users.age_tier__sort_, users.traffic_source]
    limit: 500
    column_limit: 50
    dynamic_fields: [{table_calculation: pct_cohort_still_active, label: Pct Cohort
          Still Active, expression: "${users.count} / max(${users.count})", value_format: !!null '',
        value_format_name: percent_0, _kind_hint: measure, _type_hint: number}]
    x_axis_gridlines: false
    y_axis_gridlines: false
    show_view_names: false
    show_y_axis_labels: true
    show_y_axis_ticks: true
    y_axis_tick_density: default
    y_axis_tick_density_custom: 5
    show_x_axis_label: true
    show_x_axis_ticks: true
    y_axis_scale_mode: linear
    x_axis_reversed: false
    y_axis_reversed: false
    plot_size_by_field: false
    trellis: ''
    stacking: ''
    limit_displayed_rows: true
    legend_position: center
    point_style: none
    show_value_labels: false
    label_density: 25
    x_axis_scale: auto
    y_axis_combined: true
    show_null_points: false
    interpolation: monotone
    color_application:
      collection_id: google
      palette_id: google-categorical-0
      options:
        steps: 5
    y_axes: [{label: Percent of Cohort still Active, orientation: left, series: [
          {axisId: pct_cohort_still_active, id: Display - pct_cohort_still_active,
            name: Display}, {axisId: pct_cohort_still_active, id: Email - pct_cohort_still_active,
            name: Email}, {axisId: pct_cohort_still_active, id: Facebook - pct_cohort_still_active,
            name: Facebook}, {axisId: pct_cohort_still_active, id: Organic - pct_cohort_still_active,
            name: Organic}, {axisId: pct_cohort_still_active, id: Search - pct_cohort_still_active,
            name: Search}], showLabels: true, showValues: true, maxValue: !!null '',
        valueFormat: "#%", unpinAxis: false, tickDensity: default, tickDensityCustom: 5,
        type: linear}]
    y_axis_max: ['50']
    y_axis_labels: [Percent of Cohort still Active]
    y_axis_value_format: "#\\%"
    limit_displayed_rows_values:
      show_hide: hide
      first_last: first
      num_rows: '1'
    colors: ["#64518A", "#8D7FB9", "#EA8A2F", "#F2B431", "#2DA5DE", "#57BEBE", "#7F7977",
      "#B2A898", "#494C52"]
    series_colors: {}
    hidden_fields: [cumulative_lifetime_spend, order_items.total_sale_price, users.count]
    defaults_version: 1
    note_state: collapsed
    note_display: below
    note_text: ''
    listen:
      State: users.state
      City: users.city
      Traffic Source: users.traffic_source
      User Gender: users.gender
      Location: distribution_centers.location
      Country: users.country
      Name: distribution_centers.name
    row: 33
    col: 10
    width: 14
    height: 7
  - title: Total Sales, Year over Year
    name: Total Sales, Year over Year
    model: thelook
    explore: order_items
    type: looker_line
    fields: [order_items.created_month_name, order_items.total_sale_price, order_items.created_year]
    pivots: [order_items.created_year]
    fill_fields: [order_items.created_month_name]
    filters:
      order_items.created_date: before 0 months ago
      order_items.created_year: 4 years
    sorts: [order_items.created_year desc 0, order_items.created_month_name]
    limit: 500
    column_limit: 50
    query_timezone: America/Los_Angeles
    x_axis_gridlines: false
    y_axis_gridlines: false
    show_view_names: false
    show_y_axis_labels: true
    show_y_axis_ticks: true
    y_axis_tick_density: default
    y_axis_tick_density_custom: 5
    show_x_axis_label: false
    show_x_axis_ticks: true
    y_axis_scale_mode: linear
    x_axis_reversed: false
    y_axis_reversed: false
    plot_size_by_field: false
    trellis: ''
    stacking: ''
    limit_displayed_rows: false
    legend_position: right
    point_style: none
    show_value_labels: false
    label_density: 25
    x_axis_scale: auto
    y_axis_combined: true
    show_null_points: false
    interpolation: monotone
    color_application:
      collection_id: google
      palette_id: google-categorical-0
      options:
        steps: 5
    y_axes: [{label: '', orientation: left, series: [{id: '2018', name: '2018', axisId: order_items.total_sale_price},
          {id: '2017', name: '2017', axisId: order_items.total_sale_price}, {id: '2016',
            name: '2016', axisId: order_items.total_sale_price}, {id: '2015', name: '2015',
            axisId: order_items.total_sale_price}], showLabels: true, showValues: true,
        unpinAxis: false, tickDensity: default, type: linear, valueFormat: "$0,\\\
          K\\"}]
    y_axis_value_format: "$#,##0"
    x_axis_label: Month of Year
    colors: ["#635189", "#B1A8C4", "#1EA8DF", "#8ED3EF"]
    series_types: {}
    series_colors: {}
    ordering: none
    show_null_labels: false
    show_totals_labels: false
    show_silhouette: false
    totals_color: "#808080"
    hidden_fields: [calculation_1]
    defaults_version: 1
    note_state: collapsed
    note_display: hover
    note_text: 'Example '
    listen:
      State: users.state
      City: users.city
      Traffic Source: users.traffic_source
      User Gender: users.gender
      Location: distribution_centers.location
      Country: users.country
      Name: distribution_centers.name
    row: 2
    col: 16
    width: 8
    height: 10
  - title: Highest Spending Users
    name: Highest Spending Users
    model: thelook
    explore: order_items
    type: looker_map
    fields: [users.approx_location, users.country, order_items.order_count, users.count,
      order_items.total_sale_price, order_items.average_spend_per_user, users.gender]
    pivots: [users.gender]
    sorts: [users.gender 0, order_items.total_sale_price desc 0]
    limit: 500
    column_limit: 50
    query_timezone: America/Los_Angeles
    map_plot_mode: points
    heatmap_gridlines: false
    heatmap_gridlines_empty: false
    heatmap_opacity: 0
    show_region_field: true
    draw_map_labels_above_data: true
    map_tile_provider: light
    map_position: custom
    map_scale_indicator: 'off'
    map_pannable: true
    map_zoomable: true
    map_marker_type: circle
    map_marker_icon_name: default
    map_marker_radius_mode: proportional_value
    map_marker_units: pixels
    map_marker_proportional_scale_type: linear
    map_marker_color_mode: value
    show_view_names: false
    show_legend: true
    quantize_map_value_colors: false
    reverse_map_value_colors: false
    map_latitude: 37.57941251343841
    map_longitude: -99.31640625000001
    map_zoom: 4
    map_marker_radius_max: 15
    map_marker_color: ["#4285F4", "#EA4335", "#FBBC04", "#34A853"]
    map_value_colors: [white, purple]
    map_value_scale_clamp_min: 0
    map_value_scale_clamp_max: 200
    stacking: ''
    show_value_labels: false
    label_density: 25
    legend_position: center
    x_axis_gridlines: false
    y_axis_gridlines: true
    y_axis_combined: true
    show_y_axis_labels: true
    show_y_axis_ticks: true
    y_axis_tick_density: default
    y_axis_tick_density_custom: 5
    show_x_axis_label: true
    show_x_axis_ticks: true
    x_axis_scale: auto
    ordering: none
    show_null_labels: false
    loading: false
    hidden_fields: [orders.count, users.count, order_items.total_sale_price, order_items.order_count,
      users.country]
    map: usa
    map_projection: ''
    quantize_colors: false
    colors: [whitesmoke, "#64518A"]
    outer_border_color: "#64518A"
    inner_border_color: ''
    inner_border_width: 0.6
    outer_border_width: 2
    empty_color: ''
    y_axes: []
    defaults_version: 1
    note_state: collapsed
    note_display: hover
    note_text: Bubble size corresponds to average user spend
    listen:
      State: users.state
      City: users.city
      Traffic Source: users.traffic_source
      User Gender: users.gender
      Date: order_items.created_date
      Location: distribution_centers.location
      Country: users.country
      Name: distribution_centers.name
    row: 14
    col: 10
    width: 14
    height: 9
  - title: User Behaviors by Traffic Source
    name: User Behaviors by Traffic Source
    model: thelook
    explore: order_items
    type: looker_column
    fields: [users.traffic_source, order_items.average_sale_price, user_order_facts.average_lifetime_orders]
    sorts: [user_order_facts.lifetime_orders_tier__sort_, users.traffic_source]
    limit: 500
    column_limit: 50
    query_timezone: America/Los_Angeles
    x_axis_gridlines: false
    y_axis_gridlines: false
    show_view_names: false
    show_y_axis_labels: true
    show_y_axis_ticks: true
    y_axis_tick_density: default
    y_axis_tick_density_custom: 5
    show_x_axis_label: false
    show_x_axis_ticks: true
    y_axis_scale_mode: linear
    x_axis_reversed: false
    y_axis_reversed: false
    plot_size_by_field: false
    trellis: ''
    stacking: ''
    limit_displayed_rows: false
    legend_position: center
    point_style: circle_outline
    show_value_labels: true
    label_density: 25
    x_axis_scale: auto
    y_axis_combined: false
    ordering: none
    show_null_labels: false
    show_totals_labels: false
    show_silhouette: false
    totals_color: "#808080"
    color_application:
      collection_id: google
      palette_id: google-categorical-0
      options:
        steps: 5
    y_axes: [{label: '', orientation: left, series: [{id: order_items.average_sale_price,
            name: Average Sale Price, axisId: order_items.average_sale_price}], showLabels: true,
        showValues: true, unpinAxis: false, tickDensity: default, type: linear}, {
        label: !!null '', orientation: right, series: [{id: user_order_facts.average_lifetime_orders,
            name: Average Lifetime Orders, axisId: user_order_facts.average_lifetime_orders}],
        showLabels: true, showValues: true, unpinAxis: false, tickDensity: default,
        type: linear}]
    y_axis_labels: [Average Sale Price ($)]
    y_axis_value_format: '0'
    hide_legend: false
    colors: ["#1ea8df", "#a2dcf3", "#929292", "#9fdee0", "#1f3e5a", "#90c8ae", "#92818d",
      "#c5c6a6", "#82c2ca", "#cee0a0", "#928fb4", "#9fc190"]
    font_size: '13'
    series_colors: {}
    y_axis_orientation: [left, right]
    hidden_fields: [percent_repeat_customers]
    value_labels: legend
    label_type: labPer
    show_null_points: true
    interpolation: linear
    defaults_version: 1
    listen:
      State: users.state
      City: users.city
      Traffic Source: users.traffic_source
      User Gender: users.gender
      Date: order_items.created_date
      Location: distribution_centers.location
      Country: users.country
      Name: distribution_centers.name
    row: 40
    col: 0
    width: 24
    height: 7
  - title: User Basic Demographic Profile
    name: User Basic Demographic Profile
    model: thelook
    explore: order_items
    type: looker_donut_multiples
    fields: [users.gender, users.traffic_source, order_items.count]
    pivots: [users.traffic_source]
    sorts: [user_order_facts.lifetime_orders_tier__sort_, users.traffic_source, order_items.count
        desc 0]
    limit: 500
    column_limit: 15
    query_timezone: America/Los_Angeles
    show_value_labels: true
    font_size: 15
    hide_legend: false
    colors: ["#64518A", "#8D7FB9", "#EA8A2F", "#F2B431", "#2DA5DE", "#57BEBE", "#7F7977",
      "#B2A898", "#494C52"]
    color_application:
      collection_id: google
      palette_id: google-categorical-0
      options:
        steps: 5
    series_colors: {}
    show_view_names: true
    stacking: ''
    label_density: 25
    legend_position: center
    x_axis_gridlines: false
    y_axis_gridlines: true
    y_axis_combined: true
    show_y_axis_labels: true
    show_y_axis_ticks: true
    y_axis_tick_density: default
    y_axis_tick_density_custom: 5
    show_x_axis_label: true
    show_x_axis_ticks: true
    x_axis_scale: auto
    ordering: none
    show_null_labels: false
    hidden_fields: []
    y_axes: []
    defaults_version: 1
    note_state: collapsed
    note_display: below
    note_text: ''
    listen:
      State: users.state
      City: users.city
      Traffic Source: users.traffic_source
      User Gender: users.gender
      Date: order_items.created_date
      Location: distribution_centers.location
      Country: users.country
      Name: distribution_centers.name
    row: 14
    col: 0
    width: 10
    height: 9
  - title: 30 Day Repeat Purchase Rate
    name: 30 Day Repeat Purchase Rate
    model: thelook
    explore: order_items
    type: single_value
    fields: [order_items.30_day_repeat_purchase_rate]
    sorts: [repeat_purchase_facts.30_day_repeat_purchase_rate desc, order_items.30_day_repeat_purchase_rate
        desc]
    limit: 500
    column_limit: 50
    dynamic_fields: [{category: table_calculation, expression: '1-${order_items.30_day_repeat_purchase_rate}',
        label: New Calculation, value_format: !!null '', value_format_name: percent_1,
        _kind_hint: measure, table_calculation: new_calculation, _type_hint: number,
        is_disabled: true}]
    custom_color_enabled: true
    show_single_value_title: true
    show_comparison: false
    comparison_type: value
    comparison_reverse_colors: false
    show_comparison_label: true
    enable_conditional_formatting: false
    conditional_formatting_include_totals: false
    conditional_formatting_include_nulls: false
    color_application:
      collection_id: b43731d5-dc87-4a8e-b807-635bef3948e7
      palette_id: fb7bb53e-b77b-4ab6-8274-9d420d3d73f3
    custom_color: ''
    single_value_title: Repeat Purchase Rate
    conditional_formatting: [{type: greater than, value: 0.1, background_color: "#ffffe5",
        font_color: "#FBB555", color_application: {collection_id: b43731d5-dc87-4a8e-b807-635bef3948e7,
          palette_id: 85de97da-2ded-4dec-9dbd-e6a7d36d5825}, bold: false, italic: false,
        strikethrough: false, fields: !!null ''}, {type: greater than, value: 0.13,
        background_color: '', font_color: "#C2DD67", color_application: {collection_id: b43731d5-dc87-4a8e-b807-635bef3948e7,
          palette_id: 1e4d66b9-f066-4c33-b0b7-cc10b4810688}, bold: false, italic: false,
        strikethrough: false, fields: !!null ''}, {type: greater than, value: 0.15,
        background_color: '', font_color: "#72D16D", color_application: {collection_id: b43731d5-dc87-4a8e-b807-635bef3948e7,
          palette_id: 1e4d66b9-f066-4c33-b0b7-cc10b4810688}, bold: false, italic: false,
        strikethrough: false, fields: !!null ''}]
    font_size: medium
    text_color: black
    colors: ["#1f78b4", "#a6cee3", "#33a02c", "#b2df8a", "#e31a1c", "#fb9a99", "#ff7f00",
      "#fdbf6f", "#6a3d9a", "#cab2d6", "#b15928", "#edbc0e"]
    hidden_fields:
    y_axes: []
    defaults_version: 1
    note_state: collapsed
    note_display: hover
    note_text: What percent of orders are followed by a repeat purchase by the same
      user within 30 days?
    listen:
      State: users.state
      City: users.city
      Traffic Source: users.traffic_source
      User Gender: users.gender
      Date: order_items.created_date
      Location: distribution_centers.location
      Country: users.country
      Name: distribution_centers.name
    row: 2
    col: 8
    width: 4
    height: 4
  - title: Total Order Count
    name: Total Order Count
    model: thelook
    explore: order_items
    type: single_value
    fields: [order_items.reporting_period, order_items.count]
    filters:
      order_items.reporting_period: "-NULL"
    sorts: [order_items.count desc]
    limit: 500
    column_limit: 50
    dynamic_fields: [{table_calculation: percent_change, label: Percent Change, expression: "${order_items.count}/offset(${order_items.count},1)\
          \ - 1", value_format: !!null '', value_format_name: percent_0}]
    query_timezone: America/Los_Angeles
    show_comparison: true
    comparison_type: change
    comparison_reverse_colors: false
    show_comparison_label: true
    colors: ["#5245ed", "#a2dcf3", "#776fdf", "#1ea8df", "#49cec1", "#776fdf", "#49cec1",
      "#1ea8df", "#a2dcf3", "#776fdf", "#776fdf", "#635189"]
    stacking: ''
    show_value_labels: false
    label_density: 25
    legend_position: center
    x_axis_gridlines: false
    y_axis_gridlines: true
    show_view_names: true
    limit_displayed_rows: false
    y_axis_combined: true
    show_y_axis_labels: true
    show_y_axis_ticks: true
    y_axis_tick_density: default
    y_axis_tick_density_custom: 5
    show_x_axis_label: true
    show_x_axis_ticks: true
    x_axis_scale: auto
    y_axis_scale_mode: linear
    ordering: none
    show_null_labels: false
    show_totals_labels: false
    show_silhouette: false
    totals_color: "#808080"
    show_single_value_title: true
    single_value_title: Orders This Year
    hidden_fields: [order_items.reporting_period]
    comparison_label: vs Same Period Last Year
    custom_color_enabled: false
    custom_color: forestgreen
    y_axes: []
    listen:
      State: users.state
      City: users.city
      Traffic Source: users.traffic_source
      User Gender: users.gender
      Location: distribution_centers.location
      Country: users.country
      Name: distribution_centers.name
    row: 2
    col: 0
    width: 4
    height: 4
  - name: "<span class='fa fa-users'> </span> Customer Demographics"
    type: text
    title_text: "<span class='fa fa-users'> </span> Customer Demographics"
    subtitle_text: Who are our customers?
    body_text: ''
    row: 12
    col: 0
    width: 24
    height: 2
  - title: Most Viewed Brands Online
    name: Most Viewed Brands Online
    model: thelook
    explore: sessions
    type: looker_grid
    fields: [product_viewed.brand, sessions.count, sessions.cart_to_checkout_conversion,
      product_viewed.department]
    pivots: [product_viewed.department]
    filters:
      product_viewed.brand: "-NULL"
    sorts: [sessions.count desc 0, product_viewed.department]
    limit: 10
    column_limit: 50
    row_total: right
    query_timezone: user_timezone
    show_view_names: false
    show_row_numbers: false
    transpose: false
    truncate_text: true
    hide_totals: false
    hide_row_totals: false
    size_to_fit: true
    table_theme: transparent
    limit_displayed_rows: false
    enable_conditional_formatting: false
    header_text_alignment: left
    header_font_size: '12'
    rows_font_size: '12'
    conditional_formatting_include_totals: false
    conditional_formatting_include_nulls: false
    show_sql_query_menu_options: false
    show_totals: true
    show_row_totals: true
    series_labels:
      sessions.cart_to_checkout_conversion: Cart Conversion
    series_cell_visualizations:
      sessions.count:
        is_active: true
        palette:
          palette_id: google-sequential-0
          collection_id: google
    conditional_formatting: [{type: along a scale..., value: !!null '', background_color: "#2196F3",
        font_color: !!null '', color_application: {collection_id: f14810d2-98d7-42df-82d0-bc185a074e42,
          palette_id: 493e0f89-1e28-4f9b-9f49-9cb1e77a0331}, bold: false, italic: false,
        strikethrough: false, fields: !!null ''}]
    conditional_formatting_ignored_fields: []
    stacking: ''
    show_value_labels: false
    label_density: 25
    legend_position: center
    x_axis_gridlines: false
    y_axis_gridlines: true
    y_axis_combined: true
    show_y_axis_labels: true
    show_y_axis_ticks: true
    y_axis_tick_density: default
    y_axis_tick_density_custom: 5
    show_x_axis_label: true
    show_x_axis_ticks: true
    x_axis_scale: auto
    ordering: none
    show_null_labels: false
    truncate_column_names: true
    colors: ["#5245ed", "#a2dcf3", "#776fdf", "#1ea8df", "#49cec1", "#776fdf", "#49cec1",
      "#1ea8df", "#a2dcf3", "#776fdf", "#776fdf", "#635189"]
    hidden_fields: []
    y_axes: []
    series_types: {}
    defaults_version: 1
    listen:
      State: users.state
      City: users.city
      Traffic Source: users.traffic_source
      User Gender: users.gender
      Date: events.event_date
      Country: users.country
    row: 26
    col: 0
    width: 24
    height: 7
  - name: "<span class='fa fa-laptop'> </span> Web Analytics"
    type: text
    title_text: "<span class='fa fa-laptop'> </span> Web Analytics"
    subtitle_text: What are customers doing on our website?
    body_text: "<center><strong>Recommended Action</strong> — Dive into successful\
      \ brands to see what they're doing that's working, drill by category or head\
      \ to the Brand Analytics report</center>"
    row: 23
    col: 0
    width: 24
    height: 3
  - name: "<span class='fa fa-tachometer'> </span>Top Line Metrics"
    type: text
    title_text: "<span class='fa fa-tachometer'> </span>Top Line Metrics"
    subtitle_text: Are we headed in the right direction?
    body_text: ''
    row: 0
    col: 0
    width: 24
    height: 2
  filters:
  - name: State
    title: State
    type: field_filter
    default_value: ''
    allow_multiple_values: true
    required: false
    ui_config:
      type: tag_list
      display: popover
      options: []
    model: thelook
    explore: order_items
    listens_to_filters: [Country]
    field: users.state
  - name: City
    title: City
    type: field_filter
    default_value: ''
    allow_multiple_values: false
    required: false
    ui_config:
      type: checkboxes
      display: popover
      options: []
    model: thelook
    explore: order_items
    listens_to_filters: [State, Country]
    field: users.city
  - name: Traffic Source
    title: Traffic Source
    type: field_filter
    default_value: ''
    allow_multiple_values: true
    required: false
    ui_config:
      type: dropdown_menu
      display: inline
    model: thelook
    explore: order_items
    listens_to_filters: []
    field: users.traffic_source
  - name: User Gender
    title: User Gender
    type: field_filter
    default_value: ''
    allow_multiple_values: true
    required: false
    ui_config:
      type: button_group
      display: inline
    model: thelook
    explore: order_items
    listens_to_filters: []
    field: users.gender
  - name: Date
    title: Date
    type: date_filter
    default_value: 90 day
    allow_multiple_values: true
    required: false
    ui_config:
      type: relative_timeframes
      display: inline
      options: []
  - name: Name
    title: Name
    type: field_filter
    default_value: ''
    allow_multiple_values: true
    required: false
    ui_config:
      type: checkboxes
      display: popover
      options: []
    model: thelook
    explore: order_items
    listens_to_filters: []
    field: distribution_centers.name
  - name: Location
    title: Location
    type: field_filter
    default_value: ''
    allow_multiple_values: true
    required: false
    ui_config:
      type: advanced
      display: overflow
      options: []
    model: thelook
    explore: order_items
    listens_to_filters: []
    field: distribution_centers.location
  - name: Country
    title: Country
    type: field_filter
    default_value: ''
    allow_multiple_values: true
    required: false
    ui_config:
      type: button_group
      display: overflow
    model: thelook
    explore: order_items
    listens_to_filters: []
    field: users.country
 ([1mdashboard_capture.py[0m:46)
[[1mlmanage.capture_instance_permission_structure[0m][[1;37mINFO[0m   ]  


 Lmanage has finished capturing your Looker instance!
 ([1mcapture_instance_permission_structure.py[0m:122)
[[1mlmanage.capture_instance_permission_structure[0m][[1;37mINFO[0m   ]  

please find captured settings metadata at: 
/usr/local/google/home/hugoselbie/code_sample/py/lmanage/output/l23_3_output.yaml 

captured content metadata at:
/usr/local/google/home/hugoselbie/code_sample/py/lmanage/output/l23_3_output_content.yaml ([1mcapture_instance_permission_structure.py[0m:123)
